<?xml version="1.0" encoding="UTF-8"?>
<!-- Generated by org.testng.reporters.JUnitReportReporter -->
<testsuite skipped="0" hostname="ICPL12423" name="tests.FlightBookingCheck" tests="4" failures="0" timestamp="13 Mar 2018 12:08:33 GMT" time="91.366" errors="0">
  <testcase name="FlightBookingTest" time="24.769" classname="tests.FlightBookingCheck"/>
  <testcase name="FlightBookingTest" time="23.310" classname="tests.FlightBookingCheck"/>
  <testcase name="FlightBookingValidation" time="28.273" classname="tests.FlightBookingCheck"/>
  <testcase name="FlightBookingValidation" time="15.014" classname="tests.FlightBookingCheck"/>
</testsuite> <!-- tests.FlightBookingCheck -->
