<?xml version="1.0" encoding="UTF-8"?>
<!-- Generated by org.testng.reporters.JUnitReportReporter -->
<testsuite skipped="0" hostname="ICPL12423" name="tests.FlightBookingCheck" tests="2" failures="0" timestamp="12 Mar 2018 10:50:46 GMT" time="40.840" errors="0">
  <testcase name="FlightBookingTest" time="20.108" classname="tests.FlightBookingCheck"/>
  <testcase name="FlightBookingTest" time="20.732" classname="tests.FlightBookingCheck"/>
</testsuite> <!-- tests.FlightBookingCheck -->
